<?xml version="1.0" encoding="UTF-8"?>
<testng-results ignored="0" total="1" passed="1" failed="0" skipped="0">
  <reporter-output>
  </reporter-output>
  <suite started-at="2025-10-27T17:22:44 GMT+05:45" name="Surefire suite" finished-at="2025-10-27T17:22:44 GMT+05:45" duration-ms="9">
    <groups>
    </groups>
    <test started-at="2025-10-27T17:22:44 GMT+05:45" name="Surefire test" finished-at="2025-10-27T17:22:44 GMT+05:45" duration-ms="9">
      <class name="Fishtechy.Basee.DemoTest">
        <test-method signature="test()[pri:0, instance:Fishtechy.Basee.DemoTest@176d53b2]" started-at="2025-10-27T17:22:44 GMT+05:45" name="test" finished-at="2025-10-27T17:22:44 GMT+05:45" duration-ms="2" status="PASS">
          <reporter-output>
          </reporter-output>
        </test-method> <!-- test -->
      </class> <!-- Fishtechy.Basee.DemoTest -->
    </test> <!-- Surefire test -->
  </suite> <!-- Surefire suite -->
</testng-results>
